Determining if the pthread_create exist failed with the following output:
Change Dir: /home/best/Workspace/multirotor_ws/build/CMakeFiles/CMakeTmp

Run Build Command:"/usr/bin/make" "cmTC_e49c5/fast"
/usr/bin/make -f CMakeFiles/cmTC_e49c5.dir/build.make CMakeFiles/cmTC_e49c5.dir/build
make[1]: 进入目录“/home/best/Workspace/multirotor_ws/build/CMakeFiles/CMakeTmp”
Building C object CMakeFiles/cmTC_e49c5.dir/CheckSymbolExists.c.o
/usr/bin/cc    -o CMakeFiles/cmTC_e49c5.dir/CheckSymbolExists.c.o   -c /home/best/Workspace/multirotor_ws/build/CMakeFiles/CMakeTmp/CheckSymbolExists.c
Linking C executable cmTC_e49c5
/usr/bin/cmake -E cmake_link_script CMakeFiles/cmTC_e49c5.dir/link.txt --verbose=1
/usr/bin/cc      -rdynamic CMakeFiles/cmTC_e49c5.dir/CheckSymbolExists.c.o  -o cmTC_e49c5 
CMakeFiles/cmTC_e49c5.dir/CheckSymbolExists.c.o：在函数‘main’中：
CheckSymbolExists.c:(.text+0x1b)：对‘pthread_create’未定义的引用
collect2: error: ld returned 1 exit status
CMakeFiles/cmTC_e49c5.dir/build.make:97: recipe for target 'cmTC_e49c5' failed
make[1]: *** [cmTC_e49c5] Error 1
make[1]: 离开目录“/home/best/Workspace/multirotor_ws/build/CMakeFiles/CMakeTmp”
Makefile:126: recipe for target 'cmTC_e49c5/fast' failed
make: *** [cmTC_e49c5/fast] Error 2

File /home/best/Workspace/multirotor_ws/build/CMakeFiles/CMakeTmp/CheckSymbolExists.c:
/* */
#include <pthread.h>

int main(int argc, char** argv)
{
  (void)argv;
#ifndef pthread_create
  return ((int*)(&pthread_create))[argc];
#else
  (void)argc;
  return 0;
#endif
}

Determining if the function pthread_create exists in the pthreads failed with the following output:
Change Dir: /home/best/Workspace/multirotor_ws/build/CMakeFiles/CMakeTmp

Run Build Command:"/usr/bin/make" "cmTC_da46c/fast"
/usr/bin/make -f CMakeFiles/cmTC_da46c.dir/build.make CMakeFiles/cmTC_da46c.dir/build
make[1]: 进入目录“/home/best/Workspace/multirotor_ws/build/CMakeFiles/CMakeTmp”
Building C object CMakeFiles/cmTC_da46c.dir/CheckFunctionExists.c.o
/usr/bin/cc   -DCHECK_FUNCTION_EXISTS=pthread_create   -o CMakeFiles/cmTC_da46c.dir/CheckFunctionExists.c.o   -c /usr/share/cmake-3.10/Modules/CheckFunctionExists.c
Linking C executable cmTC_da46c
/usr/bin/cmake -E cmake_link_script CMakeFiles/cmTC_da46c.dir/link.txt --verbose=1
/usr/bin/cc  -DCHECK_FUNCTION_EXISTS=pthread_create    -rdynamic CMakeFiles/cmTC_da46c.dir/CheckFunctionExists.c.o  -o cmTC_da46c -lpthreads 
/usr/bin/ld: 找不到 -lpthreads
collect2: error: ld returned 1 exit status
CMakeFiles/cmTC_da46c.dir/build.make:97: recipe for target 'cmTC_da46c' failed
make[1]: *** [cmTC_da46c] Error 1
make[1]: 离开目录“/home/best/Workspace/multirotor_ws/build/CMakeFiles/CMakeTmp”
Makefile:126: recipe for target 'cmTC_da46c/fast' failed
make: *** [cmTC_da46c/fast] Error 2


